<?xml version="1.0" encoding="UTF-8" standalone="no"?>
<window xmlns="http://jmix.io/schema/ui/window"
        xmlns:c="http://jmix.io/schema/ui/jpql-condition"
        caption="msg://testEntityBrowse.caption"
        focusComponent="testEntitiesTable">
    <data readOnly="true">
        <collection id="testEntitiesDc"
                    class="com.company.jmixtenantextendedtest.entity.TestEntity">
            <fetchPlan extends="_base">
                <property name="users" fetchPlan="_base"/>
            </fetchPlan>
            <loader id="testEntitiesDl">
                <query>
                    <![CDATA[select e from TestEntity e]]>
                </query>
            </loader>
        </collection>
    </data>
    <facets>
        <dataLoadCoordinator auto="true"/>
        <screenSettings id="settingsFacet" auto="true"/>
    </facets>
    <actions>
        <action id="lookupSelectAction"
                caption="msg:///actions.Select"
                icon="LOOKUP_OK"
                primary="true"
                shortcut="${COMMIT_SHORTCUT}"/>
        <action id="lookupCancelAction"
                caption="msg:///actions.Cancel"
                icon="LOOKUP_CANCEL"/>
    </actions>
    <dialogMode height="600"
                width="800"/>
    <layout expand="testEntitiesTable" spacing="true">
        <filter id="filter"
                dataLoader="testEntitiesDl">
            <properties include=".*"/>
        </filter>
        <groupTable id="testEntitiesTable"
                    width="100%"
                    dataContainer="testEntitiesDc">
            <actions>
                <action id="create" type="create"/>
                <action id="edit" type="edit"/>
                <action id="refresh" type="refresh"/>
                <action id="remove" type="remove"/>
            </actions>
            <columns>
                <column id="name"/>
                <column id="field1"/>
            </columns>
            <simplePagination/>
            <buttonsPanel id="buttonsPanel"
                          alwaysVisible="true">
                <button id="createBtn" action="testEntitiesTable.create"/>
                <button id="editBtn" action="testEntitiesTable.edit"/>
                <button id="refreshBtn" action="testEntitiesTable.refresh"/>
                <button id="removeBtn" action="testEntitiesTable.remove"/>
            </buttonsPanel>
        </groupTable>
        <hbox id="lookupActions" spacing="true" visible="false">
            <button action="lookupSelectAction"/>
            <button action="lookupCancelAction"/>
        </hbox>
    </layout>
</window>
